<?xml version="1.0" encoding="UTF-8"?>
<!-- Generated by org.testng.reporters.JUnitReportReporter -->
<testsuite hostname="Sarah" failures="0" tests="10" name="api.test.DDTests" time="13.576" errors="0" timestamp="2025-07-14T15:37:56 IST" skipped="0">
  <testcase classname="api.test.DDTests" name="testPostUser" time="1.141"/>
  <system-out/>
  <testcase classname="api.test.DDTests" name="testPostUser" time="3.199"/>
  <system-out/>
  <testcase classname="api.test.DDTests" name="testPostUser" time="1.160"/>
  <system-out/>
  <testcase classname="api.test.DDTests" name="testPostUser" time="1.151"/>
  <system-out/>
  <testcase classname="api.test.DDTests" name="testPostUser" time="1.162"/>
  <system-out/>
  <testcase classname="api.test.DDTests" name="testDeleteUser" time="1.147"/>
  <system-out/>
  <testcase classname="api.test.DDTests" name="testDeleteUser" time="1.112"/>
  <system-out/>
  <testcase classname="api.test.DDTests" name="testDeleteUser" time="1.193"/>
  <system-out/>
  <testcase classname="api.test.DDTests" name="testDeleteUser" time="1.173"/>
  <system-out/>
  <testcase classname="api.test.DDTests" name="testDeleteUser" time="1.138"/>
  <system-out/>
</testsuite> <!-- api.test.DDTests -->
