<?xml version="1.0" encoding="UTF-8"?>
<!-- Generated by org.testng.reporters.JUnitReportReporter -->
<testsuite hostname="Sarah" failures="0" tests="2" name="api.test.StoreTests" time="7.350" errors="0" timestamp="2025-07-16T23:03:17 IST" skipped="0">
  <testcase classname="api.test.StoreTests" name="testPostStore" time="6.166"/>
  <system-out/>
  <testcase classname="api.test.StoreTests" name="testGetStore" time="1.184"/>
  <system-out/>
</testsuite> <!-- api.test.StoreTests -->
