<?xml version="1.0" encoding="UTF-8"?>
<!-- Generated by org.testng.reporters.JUnitReportReporter -->
<testsuite hostname="Sarah" failures="0" tests="4" name="api.test.UserTests" time="16.105" errors="0" timestamp="2025-07-16T22:52:38 IST" skipped="0">
  <testcase classname="api.test.UserTests" name="testPostUser" time="1.267"/>
  <system-out/>
  <testcase classname="api.test.UserTests" name="testGetUser" time="6.119"/>
  <system-out/>
  <testcase classname="api.test.UserTests" name="testUpdateUser" time="7.448"/>
  <system-out/>
  <testcase classname="api.test.UserTests" name="testDeleteUser" time="1.271"/>
  <system-out/>
</testsuite> <!-- api.test.UserTests -->
