<?xml version="1.0" encoding="UTF-8"?>
<!-- Generated by org.testng.reporters.JUnitReportReporter -->
<testsuite hostname="Sarah" failures="0" tests="4" name="api.test.UserTests" time="15.824" errors="0" timestamp="2025-07-16T13:09:22 IST" skipped="0">
  <testcase classname="api.test.UserTests" name="testPostUser" time="1.103"/>
  <system-out/>
  <testcase classname="api.test.UserTests" name="testGetUser" time="6.233"/>
  <system-out/>
  <testcase classname="api.test.UserTests" name="testUpdateUser" time="7.347"/>
  <system-out/>
  <testcase classname="api.test.UserTests" name="testDeleteUser" time="1.141"/>
  <system-out/>
</testsuite> <!-- api.test.UserTests -->
